accuracy before pruning clean: 0.97
metrics before pruning clean: (array([[50.,  0.,  0.,  0.],
       [ 0., 50.,  0.,  0.],
       [ 0.,  3., 46.,  1.],
       [ 0.,  0.,  2., 48.]]), array([[1.        , 0.94339623, 0.95833333, 0.97959184],
       [1.        , 1.        , 0.92      , 0.96      ],
       [1.        , 0.97087379, 0.93877551, 0.96969697]]))
accuracy after pruning clean: 0.98
metrics after pruning clean: (array([[50.,  0.,  0.,  0.],
       [ 0., 50.,  0.,  0.],
       [ 0.,  1., 48.,  1.],
       [ 1.,  0.,  1., 48.]]), array([[0.98039216, 0.98039216, 0.97959184, 0.97959184],
       [1.        , 1.        , 0.96      , 0.96      ],
       [0.99009901, 0.99009901, 0.96969697, 0.96969697]]))
accuracy before pruning noisy: 0.8905472636815921
metrics before pruning noisy: (array([[47.,  1.,  0.,  1.],
       [ 0., 47.,  3.,  0.],
       [ 6.,  5., 39.,  2.],
       [ 2.,  2.,  0., 46.]]), array([[0.85454545, 0.85454545, 0.92857143, 0.93877551],
       [0.95918367, 0.94      , 0.75      , 0.92      ],
       [0.90384615, 0.8952381 , 0.82978723, 0.92929293]]))
accuracy after pruning noisy: 0.8955223880597015
metrics after pruning noisy: (array([[45.,  1.,  2.,  1.],
       [ 0., 48.,  2.,  0.],
       [ 4.,  5., 41.,  2.],
       [ 2.,  2.,  0., 46.]]), array([[0.88235294, 0.85714286, 0.91111111, 0.93877551],
       [0.91836735, 0.96      , 0.78846154, 0.92      ],
       [0.9       , 0.90566038, 0.84536082, 0.92929293]]))
